
8월 02, 2022 09:12:02.833 NEW SESSION
8월 02, 2022 09:12:02.833 [12044:5412:0802/091202.788:ERROR:google_update_settings.cc(236)] Failed opening key Software\Google\Update\ClientStateMedium\{8A69D345-D564-463c-AFF1-A69D9E530F96} to set usagestats; result: 5
8월 02, 2022 09:12:05.708 [12044:9888:0802/091205.708:ERROR:device_event_log_impl.cc(214)] [09:12:05.708] USB: usb_device_handle_win.cc:1048 Failed to read descriptor from node connection: 시스템에 부착된 장치가 작동하지 않습니다. (0x1F)
8월 02, 2022 09:12:05.711 [12044:9888:0802/091205.711:ERROR:device_event_log_impl.cc(214)] [09:12:05.711] Bluetooth: bluetooth_adapter_winrt.cc:1074 Getting Default Adapter failed.
8월 02, 2022 09:13:02.964 [12044:8920:0802/091302.963:ERROR:util.cc(127)] Can't create base directory: C:\Program Files\Google\GoogleUpdater
8월 02, 2022 09:22:19.337 [9604:6764:0802/092219.337:ERROR:google_update_settings.cc(236)] Failed opening key Software\Google\Update\ClientStateMedium\{8A69D345-D564-463c-AFF1-A69D9E530F96} to set usagestats; result: 5
8월 02, 2022 09:22:21.461 [9604:9692:0802/092221.461:ERROR:device_event_log_impl.cc(214)] [09:22:21.462] Bluetooth: bluetooth_adapter_winrt.cc:1074 Getting Default Adapter failed.
8월 02, 2022 09:22:21.465 [9604:9692:0802/092221.465:ERROR:device_event_log_impl.cc(214)] [09:22:21.465] USB: usb_device_handle_win.cc:1048 Failed to read descriptor from node connection: 시스템에 부착된 장치가 작동하지 않습니다. (0x1F)
8월 02, 2022 09:22:42.224 [3664:9912:0802/092242.224:ERROR:google_update_settings.cc(236)] Failed opening key Software\Google\Update\ClientStateMedium\{8A69D345-D564-463c-AFF1-A69D9E530F96} to set usagestats; result: 5
8월 02, 2022 09:22:44.388 [3664:7336:0802/092244.388:ERROR:device_event_log_impl.cc(214)] [09:22:44.388] Bluetooth: bluetooth_adapter_winrt.cc:1074 Getting Default Adapter failed.
8월 02, 2022 09:22:44.390 [3664:7336:0802/092244.390:ERROR:device_event_log_impl.cc(214)] [09:22:44.390] USB: usb_device_handle_win.cc:1048 Failed to read descriptor from node connection: 시스템에 부착된 장치가 작동하지 않습니다. (0x1F)
8월 02, 2022 09:24:37.191 [6588:9528:0802/092437.191:ERROR:google_update_settings.cc(236)] Failed opening key Software\Google\Update\ClientStateMedium\{8A69D345-D564-463c-AFF1-A69D9E530F96} to set usagestats; result: 5
8월 02, 2022 09:24:39.383 [6588:1928:0802/092439.383:ERROR:device_event_log_impl.cc(214)] [09:24:39.383] Bluetooth: bluetooth_adapter_winrt.cc:1074 Getting Default Adapter failed.
8월 02, 2022 09:24:39.385 [6588:1928:0802/092439.385:ERROR:device_event_log_impl.cc(214)] [09:24:39.385] USB: usb_device_handle_win.cc:1048 Failed to read descriptor from node connection: 시스템에 부착된 장치가 작동하지 않습니다. (0x1F)
8월 02, 2022 09:27:44.547 [2716:6168:0802/092744.547:ERROR:google_update_settings.cc(236)] Failed opening key Software\Google\Update\ClientStateMedium\{8A69D345-D564-463c-AFF1-A69D9E530F96} to set usagestats; result: 5
8월 02, 2022 09:27:46.742 [2716:6828:0802/092746.742:ERROR:device_event_log_impl.cc(214)] [09:27:46.741] Bluetooth: bluetooth_adapter_winrt.cc:1074 Getting Default Adapter failed.
8월 02, 2022 09:27:46.745 [2716:6828:0802/092746.745:ERROR:device_event_log_impl.cc(214)] [09:27:46.744] USB: usb_device_handle_win.cc:1048 Failed to read descriptor from node connection: 시스템에 부착된 장치가 작동하지 않습니다. (0x1F)
8월 02, 2022 09:28:44.647 [2716:7216:0802/092844.646:ERROR:util.cc(127)] Can't create base directory: C:\Program Files\Google\GoogleUpdater
8월 02, 2022 13:57:42.641 [2828:8144:0802/135742.641:ERROR:google_update_settings.cc(236)] Failed opening key Software\Google\Update\ClientStateMedium\{8A69D345-D564-463c-AFF1-A69D9E530F96} to set usagestats; result: 5
8월 02, 2022 13:57:45.595 [2828:1420:0802/135745.595:ERROR:device_event_log_impl.cc(214)] [13:57:45.595] Bluetooth: bluetooth_adapter_winrt.cc:1074 Getting Default Adapter failed.
8월 02, 2022 13:57:45.597 [2828:1420:0802/135745.597:ERROR:device_event_log_impl.cc(214)] [13:57:45.597] USB: usb_device_handle_win.cc:1048 Failed to read descriptor from node connection: 시스템에 부착된 장치가 작동하지 않습니다. (0x1F)
8월 02, 2022 13:58:42.766 [2828:9484:0802/135842.765:ERROR:util.cc(127)] Can't create base directory: C:\Program Files\Google\GoogleUpdater
8월 02, 2022 15:49:12.850 [2828:1420:0802/154912.850:ERROR:interface_endpoint_client.cc(665)] Message 1 rejected by interface blink.mojom.WidgetHost
8월 02, 2022 16:53:05.274 [2828:1420:0802/165305.273:ERROR:interface_endpoint_client.cc(665)] Message 1 rejected by interface blink.mojom.WidgetHost

8월 04, 2022 09:16:55.224 NEW SESSION
8월 04, 2022 09:16:55.224 [2148:1888:0804/091655.223:ERROR:google_update_settings.cc(236)] Failed opening key Software\Google\Update\ClientStateMedium\{8A69D345-D564-463c-AFF1-A69D9E530F96} to set usagestats; result: 5
8월 04, 2022 09:16:58.291 [2148:1216:0804/091658.291:ERROR:device_event_log_impl.cc(214)] [09:16:58.290] Bluetooth: bluetooth_adapter_winrt.cc:1074 Getting Default Adapter failed.
8월 04, 2022 09:16:58.293 [2148:1216:0804/091658.293:ERROR:device_event_log_impl.cc(214)] [09:16:58.292] USB: usb_device_handle_win.cc:1048 Failed to read descriptor from node connection: 시스템에 부착된 장치가 작동하지 않습니다. (0x1F)
8월 04, 2022 09:17:55.385 [2148:11896:0804/091755.384:ERROR:util.cc(127)] Can't create base directory: C:\Program Files\Google\GoogleUpdater
8월 04, 2022 14:17:55.925 [2148:12224:0804/141755.924:ERROR:util.cc(127)] Can't create base directory: C:\Program Files\Google\GoogleUpdater

8월 05, 2022 11:35:06.178 NEW SESSION
8월 05, 2022 11:35:06.178 [9620:10380:0805/113506.177:ERROR:google_update_settings.cc(236)] Failed opening key Software\Google\Update\ClientStateMedium\{8A69D345-D564-463c-AFF1-A69D9E530F96} to set usagestats; result: 5
8월 05, 2022 11:35:09.220 [9620:6232:0805/113509.220:ERROR:device_event_log_impl.cc(214)] [11:35:09.220] Bluetooth: bluetooth_adapter_winrt.cc:1074 Getting Default Adapter failed.
8월 05, 2022 11:35:09.221 [9620:6232:0805/113509.221:ERROR:device_event_log_impl.cc(214)] [11:35:09.221] USB: usb_device_handle_win.cc:1048 Failed to read descriptor from node connection: 시스템에 부착된 장치가 작동하지 않습니다. (0x1F)
8월 05, 2022 11:36:06.344 [9620:13296:0805/113606.343:ERROR:util.cc(127)] Can't create base directory: C:\Program Files\Google\GoogleUpdater
8월 05, 2022 12:05:06.625 [12804:992:0805/120506.625:ERROR:google_update_settings.cc(236)] Failed opening key Software\Google\Update\ClientStateMedium\{8A69D345-D564-463c-AFF1-A69D9E530F96} to set usagestats; result: 5
8월 05, 2022 12:05:10.820 [12804:8788:0805/120510.820:ERROR:device_event_log_impl.cc(214)] [12:05:10.820] Bluetooth: bluetooth_adapter_winrt.cc:1074 Getting Default Adapter failed.
8월 05, 2022 12:05:10.824 [12804:8788:0805/120510.824:ERROR:device_event_log_impl.cc(214)] [12:05:10.823] USB: usb_device_handle_win.cc:1048 Failed to read descriptor from node connection: 시스템에 부착된 장치가 작동하지 않습니다. (0x1F)
8월 05, 2022 12:06:06.756 [12804:9596:0805/120606.755:ERROR:util.cc(127)] Can't create base directory: C:\Program Files\Google\GoogleUpdater
8월 05, 2022 17:06:07.260 [12804:10852:0805/170607.259:ERROR:util.cc(127)] Can't create base directory: C:\Program Files\Google\GoogleUpdater

8월 08, 2022 11:46:05.765 NEW SESSION
8월 08, 2022 11:46:05.765 [1240:8704:0808/114605.761:ERROR:google_update_settings.cc(236)] Failed opening key Software\Google\Update\ClientStateMedium\{8A69D345-D564-463c-AFF1-A69D9E530F96} to set usagestats; result: 5
8월 08, 2022 11:46:07.959 [1240:2324:0808/114607.958:ERROR:device_event_log_impl.cc(214)] [11:46:07.957] USB: usb_device_handle_win.cc:1048 Failed to read descriptor from node connection: 시스템에 부착된 장치가 작동하지 않습니다. (0x1F)
8월 08, 2022 11:46:07.974 [1240:2324:0808/114607.973:ERROR:device_event_log_impl.cc(214)] [11:46:07.973] Bluetooth: bluetooth_adapter_winrt.cc:1074 Getting Default Adapter failed.
8월 08, 2022 12:11:09.168 [11728:4864:0808/121109.168:ERROR:google_update_settings.cc(236)] Failed opening key Software\Google\Update\ClientStateMedium\{8A69D345-D564-463c-AFF1-A69D9E530F96} to set usagestats; result: 5
8월 08, 2022 12:11:11.349 [11728:2400:0808/121111.349:ERROR:device_event_log_impl.cc(214)] [12:11:11.348] USB: usb_device_handle_win.cc:1048 Failed to read descriptor from node connection: 시스템에 부착된 장치가 작동하지 않습니다. (0x1F)
8월 08, 2022 12:11:11.354 [11728:2400:0808/121111.353:ERROR:device_event_log_impl.cc(214)] [12:11:11.353] Bluetooth: bluetooth_adapter_winrt.cc:1074 Getting Default Adapter failed.
8월 08, 2022 12:12:09.282 [11728:7436:0808/121209.281:ERROR:util.cc(127)] Can't create base directory: C:\Program Files\Google\GoogleUpdater
8월 08, 2022 12:15:14.947 [6524:5348:0808/121514.946:ERROR:google_update_settings.cc(236)] Failed opening key Software\Google\Update\ClientStateMedium\{8A69D345-D564-463c-AFF1-A69D9E530F96} to set usagestats; result: 5
8월 08, 2022 12:15:17.152 [6524:1972:0808/121517.151:ERROR:device_event_log_impl.cc(214)] [12:15:17.151] USB: usb_device_handle_win.cc:1048 Failed to read descriptor from node connection: 시스템에 부착된 장치가 작동하지 않습니다. (0x1F)
8월 08, 2022 12:15:17.156 [6524:1972:0808/121517.156:ERROR:device_event_log_impl.cc(214)] [12:15:17.155] Bluetooth: bluetooth_adapter_winrt.cc:1074 Getting Default Adapter failed.
8월 08, 2022 12:17:56.395 [7444:11972:0808/121756.394:ERROR:google_update_settings.cc(236)] Failed opening key Software\Google\Update\ClientStateMedium\{8A69D345-D564-463c-AFF1-A69D9E530F96} to set usagestats; result: 5
8월 08, 2022 12:17:58.549 [7444:6992:0808/121758.549:ERROR:device_event_log_impl.cc(214)] [12:17:58.549] USB: usb_device_handle_win.cc:1048 Failed to read descriptor from node connection: 시스템에 부착된 장치가 작동하지 않습니다. (0x1F)
8월 08, 2022 12:17:58.560 [7444:6992:0808/121758.560:ERROR:device_event_log_impl.cc(214)] [12:17:58.560] Bluetooth: bluetooth_adapter_winrt.cc:1074 Getting Default Adapter failed.
8월 08, 2022 12:18:07.613 [10588:11576:0808/121807.612:ERROR:google_update_settings.cc(236)] Failed opening key Software\Google\Update\ClientStateMedium\{8A69D345-D564-463c-AFF1-A69D9E530F96} to set usagestats; result: 5
8월 08, 2022 12:18:09.805 [10588:5544:0808/121809.804:ERROR:device_event_log_impl.cc(214)] [12:18:09.804] USB: usb_device_handle_win.cc:1048 Failed to read descriptor from node connection: 시스템에 부착된 장치가 작동하지 않습니다. (0x1F)
8월 08, 2022 12:18:09.817 [10588:5544:0808/121809.816:ERROR:device_event_log_impl.cc(214)] [12:18:09.816] Bluetooth: bluetooth_adapter_winrt.cc:1074 Getting Default Adapter failed.
8월 08, 2022 12:28:13.145 [8112:11604:0808/122813.144:ERROR:google_update_settings.cc(236)] Failed opening key Software\Google\Update\ClientStateMedium\{8A69D345-D564-463c-AFF1-A69D9E530F96} to set usagestats; result: 5
8월 08, 2022 12:28:15.345 [8112:580:0808/122815.345:ERROR:device_event_log_impl.cc(214)] [12:28:15.345] USB: usb_device_handle_win.cc:1048 Failed to read descriptor from node connection: 시스템에 부착된 장치가 작동하지 않습니다. (0x1F)
8월 08, 2022 12:28:15.352 [8112:580:0808/122815.351:ERROR:device_event_log_impl.cc(214)] [12:28:15.351] Bluetooth: bluetooth_adapter_winrt.cc:1074 Getting Default Adapter failed.
8월 08, 2022 12:29:06.485 [7600:2240:0808/122906.485:ERROR:google_update_settings.cc(236)] Failed opening key Software\Google\Update\ClientStateMedium\{8A69D345-D564-463c-AFF1-A69D9E530F96} to set usagestats; result: 5
8월 08, 2022 12:29:08.682 [7600:9040:0808/122908.681:ERROR:device_event_log_impl.cc(214)] [12:29:08.681] USB: usb_device_handle_win.cc:1048 Failed to read descriptor from node connection: 시스템에 부착된 장치가 작동하지 않습니다. (0x1F)
8월 08, 2022 12:29:08.686 [7600:9040:0808/122908.686:ERROR:device_event_log_impl.cc(214)] [12:29:08.685] Bluetooth: bluetooth_adapter_winrt.cc:1074 Getting Default Adapter failed.
8월 08, 2022 12:30:06.577 [7600:196:0808/123006.576:ERROR:util.cc(127)] Can't create base directory: C:\Program Files\Google\GoogleUpdater
8월 08, 2022 12:33:54.860 [9772:3588:0808/123354.860:ERROR:google_update_settings.cc(236)] Failed opening key Software\Google\Update\ClientStateMedium\{8A69D345-D564-463c-AFF1-A69D9E530F96} to set usagestats; result: 5
8월 08, 2022 12:33:57.66 [9772:10860:0808/123357.066:ERROR:device_event_log_impl.cc(214)] [12:33:57.065] USB: usb_device_handle_win.cc:1048 Failed to read descriptor from node connection: 시스템에 부착된 장치가 작동하지 않습니다. (0x1F)
8월 08, 2022 12:33:57.67 [9772:10860:0808/123357.067:ERROR:device_event_log_impl.cc(214)] [12:33:57.066] Bluetooth: bluetooth_adapter_winrt.cc:1074 Getting Default Adapter failed.
8월 08, 2022 12:36:07.890 [11672:11004:0808/123607.890:ERROR:google_update_settings.cc(236)] Failed opening key Software\Google\Update\ClientStateMedium\{8A69D345-D564-463c-AFF1-A69D9E530F96} to set usagestats; result: 5
8월 08, 2022 12:36:59.704 [11308:8004:0808/123659.704:ERROR:google_update_settings.cc(236)] Failed opening key Software\Google\Update\ClientStateMedium\{8A69D345-D564-463c-AFF1-A69D9E530F96} to set usagestats; result: 5
8월 08, 2022 12:37:01.806 [11308:5544:0808/123701.806:ERROR:device_event_log_impl.cc(214)] [12:37:01.806] USB: usb_device_handle_win.cc:1048 Failed to read descriptor from node connection: 시스템에 부착된 장치가 작동하지 않습니다. (0x1F)
8월 08, 2022 12:37:01.822 [11308:5544:0808/123701.822:ERROR:device_event_log_impl.cc(214)] [12:37:01.821] Bluetooth: bluetooth_adapter_winrt.cc:1074 Getting Default Adapter failed.
8월 08, 2022 12:37:59.797 [11308:10108:0808/123759.796:ERROR:util.cc(127)] Can't create base directory: C:\Program Files\Google\GoogleUpdater
8월 08, 2022 12:42:19.191 [9888:7736:0808/124219.191:ERROR:google_update_settings.cc(236)] Failed opening key Software\Google\Update\ClientStateMedium\{8A69D345-D564-463c-AFF1-A69D9E530F96} to set usagestats; result: 5
8월 08, 2022 12:42:21.311 [9888:5532:0808/124221.311:ERROR:device_event_log_impl.cc(214)] [12:42:21.311] USB: usb_device_handle_win.cc:1048 Failed to read descriptor from node connection: 시스템에 부착된 장치가 작동하지 않습니다. (0x1F)
8월 08, 2022 12:42:21.323 [9888:5532:0808/124221.322:ERROR:device_event_log_impl.cc(214)] [12:42:21.322] Bluetooth: bluetooth_adapter_winrt.cc:1074 Getting Default Adapter failed.
8월 08, 2022 12:42:59.478 [7148:12148:0808/124259.478:ERROR:google_update_settings.cc(236)] Failed opening key Software\Google\Update\ClientStateMedium\{8A69D345-D564-463c-AFF1-A69D9E530F96} to set usagestats; result: 5
8월 08, 2022 12:43:01.673 [7148:2116:0808/124301.673:ERROR:device_event_log_impl.cc(214)] [12:43:01.673] USB: usb_device_handle_win.cc:1048 Failed to read descriptor from node connection: 시스템에 부착된 장치가 작동하지 않습니다. (0x1F)
8월 08, 2022 12:43:01.673 [7148:2116:0808/124301.673:ERROR:device_event_log_impl.cc(214)] [12:43:01.673] Bluetooth: bluetooth_adapter_winrt.cc:1074 Getting Default Adapter failed.
8월 08, 2022 12:43:43.121 [1128:4252:0808/124343.121:ERROR:google_update_settings.cc(236)] Failed opening key Software\Google\Update\ClientStateMedium\{8A69D345-D564-463c-AFF1-A69D9E530F96} to set usagestats; result: 5
8월 08, 2022 12:43:45.315 [1128:11248:0808/124345.314:ERROR:device_event_log_impl.cc(214)] [12:43:45.315] USB: usb_device_handle_win.cc:1048 Failed to read descriptor from node connection: 시스템에 부착된 장치가 작동하지 않습니다. (0x1F)
8월 08, 2022 12:43:45.321 [1128:11248:0808/124345.321:ERROR:device_event_log_impl.cc(214)] [12:43:45.321] Bluetooth: bluetooth_adapter_winrt.cc:1074 Getting Default Adapter failed.
8월 08, 2022 12:45:18.746 [2740:11704:0808/124518.746:ERROR:google_update_settings.cc(236)] Failed opening key Software\Google\Update\ClientStateMedium\{8A69D345-D564-463c-AFF1-A69D9E530F96} to set usagestats; result: 5
8월 08, 2022 12:45:20.904 [2740:1048:0808/124520.903:ERROR:device_event_log_impl.cc(214)] [12:45:20.903] USB: usb_device_handle_win.cc:1048 Failed to read descriptor from node connection: 시스템에 부착된 장치가 작동하지 않습니다. (0x1F)
8월 08, 2022 12:45:20.914 [2740:1048:0808/124520.913:ERROR:device_event_log_impl.cc(214)] [12:45:20.913] Bluetooth: bluetooth_adapter_winrt.cc:1074 Getting Default Adapter failed.
8월 08, 2022 12:45:27.781 [8144:12228:0808/124527.781:ERROR:google_update_settings.cc(236)] Failed opening key Software\Google\Update\ClientStateMedium\{8A69D345-D564-463c-AFF1-A69D9E530F96} to set usagestats; result: 5
8월 08, 2022 12:45:29.905 [8144:10588:0808/124529.905:ERROR:device_event_log_impl.cc(214)] [12:45:29.905] USB: usb_device_handle_win.cc:1048 Failed to read descriptor from node connection: 시스템에 부착된 장치가 작동하지 않습니다. (0x1F)
8월 08, 2022 12:45:29.918 [8144:10588:0808/124529.917:ERROR:device_event_log_impl.cc(214)] [12:45:29.918] Bluetooth: bluetooth_adapter_winrt.cc:1074 Getting Default Adapter failed.
8월 08, 2022 12:45:40.141 [11060:3820:0808/124540.141:ERROR:google_update_settings.cc(236)] Failed opening key Software\Google\Update\ClientStateMedium\{8A69D345-D564-463c-AFF1-A69D9E530F96} to set usagestats; result: 5
8월 08, 2022 12:45:43.728 [11060:2568:0808/124543.727:ERROR:device_event_log_impl.cc(214)] [12:45:43.727] USB: usb_device_handle_win.cc:1048 Failed to read descriptor from node connection: 시스템에 부착된 장치가 작동하지 않습니다. (0x1F)
8월 08, 2022 12:45:43.733 [11060:2568:0808/124543.732:ERROR:device_event_log_impl.cc(214)] [12:45:43.732] Bluetooth: bluetooth_adapter_winrt.cc:1074 Getting Default Adapter failed.
8월 08, 2022 12:46:40.237 [11060:1816:0808/124640.236:ERROR:util.cc(127)] Can't create base directory: C:\Program Files\Google\GoogleUpdater
8월 08, 2022 13:30:02.54 [3324:6176:0808/133002.054:ERROR:google_update_settings.cc(236)] Failed opening key Software\Google\Update\ClientStateMedium\{8A69D345-D564-463c-AFF1-A69D9E530F96} to set usagestats; result: 5
8월 08, 2022 13:30:04.245 [3324:2868:0808/133004.244:ERROR:device_event_log_impl.cc(214)] [13:30:04.244] USB: usb_device_handle_win.cc:1048 Failed to read descriptor from node connection: 시스템에 부착된 장치가 작동하지 않습니다. (0x1F)
8월 08, 2022 13:30:04.251 [3324:2868:0808/133004.251:ERROR:device_event_log_impl.cc(214)] [13:30:04.251] Bluetooth: bluetooth_adapter_winrt.cc:1074 Getting Default Adapter failed.
8월 08, 2022 13:30:13.73 [32:1496:0808/133013.073:ERROR:google_update_settings.cc(236)] Failed opening key Software\Google\Update\ClientStateMedium\{8A69D345-D564-463c-AFF1-A69D9E530F96} to set usagestats; result: 5
8월 08, 2022 13:30:15.254 [32:11156:0808/133015.253:ERROR:device_event_log_impl.cc(214)] [13:30:15.253] USB: usb_device_handle_win.cc:1048 Failed to read descriptor from node connection: 시스템에 부착된 장치가 작동하지 않습니다. (0x1F)
8월 08, 2022 13:30:15.259 [32:11156:0808/133015.258:ERROR:device_event_log_impl.cc(214)] [13:30:15.258] Bluetooth: bluetooth_adapter_winrt.cc:1074 Getting Default Adapter failed.
8월 08, 2022 13:31:09.337 [4632:10904:0808/133109.337:ERROR:google_update_settings.cc(236)] Failed opening key Software\Google\Update\ClientStateMedium\{8A69D345-D564-463c-AFF1-A69D9E530F96} to set usagestats; result: 5
8월 08, 2022 13:31:11.532 [4632:10548:0808/133111.532:ERROR:device_event_log_impl.cc(214)] [13:31:11.532] USB: usb_device_handle_win.cc:1048 Failed to read descriptor from node connection: 시스템에 부착된 장치가 작동하지 않습니다. (0x1F)
8월 08, 2022 13:31:11.541 [4632:10548:0808/133111.541:ERROR:device_event_log_impl.cc(214)] [13:31:11.541] Bluetooth: bluetooth_adapter_winrt.cc:1074 Getting Default Adapter failed.
8월 08, 2022 13:32:09.441 [4632:7476:0808/133209.440:ERROR:util.cc(127)] Can't create base directory: C:\Program Files\Google\GoogleUpdater
8월 08, 2022 13:33:25.508 [11556:10024:0808/133325.508:ERROR:google_update_settings.cc(236)] Failed opening key Software\Google\Update\ClientStateMedium\{8A69D345-D564-463c-AFF1-A69D9E530F96} to set usagestats; result: 5
8월 08, 2022 13:33:27.639 [11556:7320:0808/133327.638:ERROR:device_event_log_impl.cc(214)] [13:33:27.638] USB: usb_device_handle_win.cc:1048 Failed to read descriptor from node connection: 시스템에 부착된 장치가 작동하지 않습니다. (0x1F)
8월 08, 2022 13:33:27.647 [11556:7320:0808/133327.646:ERROR:device_event_log_impl.cc(214)] [13:33:27.646] Bluetooth: bluetooth_adapter_winrt.cc:1074 Getting Default Adapter failed.
8월 08, 2022 13:34:25.608 [11556:6052:0808/133425.607:ERROR:util.cc(127)] Can't create base directory: C:\Program Files\Google\GoogleUpdater
8월 08, 2022 13:56:40.233 [9644:3624:0808/135640.233:ERROR:google_update_settings.cc(236)] Failed opening key Software\Google\Update\ClientStateMedium\{8A69D345-D564-463c-AFF1-A69D9E530F96} to set usagestats; result: 5
8월 08, 2022 13:56:42.352 [9644:9852:0808/135642.351:ERROR:device_event_log_impl.cc(214)] [13:56:42.352] USB: usb_device_handle_win.cc:1048 Failed to read descriptor from node connection: 시스템에 부착된 장치가 작동하지 않습니다. (0x1F)
8월 08, 2022 13:56:42.357 [9644:9852:0808/135642.357:ERROR:device_event_log_impl.cc(214)] [13:56:42.357] Bluetooth: bluetooth_adapter_winrt.cc:1074 Getting Default Adapter failed.
8월 08, 2022 14:12:43.228 [10064:6880:0808/141243.228:ERROR:google_update_settings.cc(236)] Failed opening key Software\Google\Update\ClientStateMedium\{8A69D345-D564-463c-AFF1-A69D9E530F96} to set usagestats; result: 5
8월 08, 2022 14:12:45.348 [10064:5444:0808/141245.348:ERROR:device_event_log_impl.cc(214)] [14:12:45.348] USB: usb_device_handle_win.cc:1048 Failed to read descriptor from node connection: 시스템에 부착된 장치가 작동하지 않습니다. (0x1F)
8월 08, 2022 14:12:45.355 [10064:5444:0808/141245.355:ERROR:device_event_log_impl.cc(214)] [14:12:45.355] Bluetooth: bluetooth_adapter_winrt.cc:1074 Getting Default Adapter failed.
8월 08, 2022 14:13:43.326 [10064:4328:0808/141343.325:ERROR:util.cc(127)] Can't create base directory: C:\Program Files\Google\GoogleUpdater
8월 08, 2022 14:17:21.460 [7408:9424:0808/141721.460:ERROR:google_update_settings.cc(236)] Failed opening key Software\Google\Update\ClientStateMedium\{8A69D345-D564-463c-AFF1-A69D9E530F96} to set usagestats; result: 5
8월 08, 2022 14:17:23.635 [7408:7660:0808/141723.635:ERROR:device_event_log_impl.cc(214)] [14:17:23.634] USB: usb_device_handle_win.cc:1048 Failed to read descriptor from node connection: 시스템에 부착된 장치가 작동하지 않습니다. (0x1F)
8월 08, 2022 14:17:23.646 [7408:7660:0808/141723.645:ERROR:device_event_log_impl.cc(214)] [14:17:23.644] Bluetooth: bluetooth_adapter_winrt.cc:1074 Getting Default Adapter failed.
8월 08, 2022 14:17:52.244 [9920:10568:0808/141752.244:ERROR:google_update_settings.cc(236)] Failed opening key Software\Google\Update\ClientStateMedium\{8A69D345-D564-463c-AFF1-A69D9E530F96} to set usagestats; result: 5
8월 08, 2022 14:17:54.332 [9920:1652:0808/141754.331:ERROR:device_event_log_impl.cc(214)] [14:17:54.332] USB: usb_device_handle_win.cc:1048 Failed to read descriptor from node connection: 시스템에 부착된 장치가 작동하지 않습니다. (0x1F)
8월 08, 2022 14:17:54.332 [9920:1652:0808/141754.332:ERROR:device_event_log_impl.cc(214)] [14:17:54.332] Bluetooth: bluetooth_adapter_winrt.cc:1074 Getting Default Adapter failed.
8월 08, 2022 14:18:39.328 [4864:8528:0808/141839.328:ERROR:google_update_settings.cc(236)] Failed opening key Software\Google\Update\ClientStateMedium\{8A69D345-D564-463c-AFF1-A69D9E530F96} to set usagestats; result: 5
8월 08, 2022 14:18:41.502 [4864:2244:0808/141841.501:ERROR:device_event_log_impl.cc(214)] [14:18:41.502] USB: usb_device_handle_win.cc:1048 Failed to read descriptor from node connection: 시스템에 부착된 장치가 작동하지 않습니다. (0x1F)
8월 08, 2022 14:18:41.502 [4864:2244:0808/141841.502:ERROR:device_event_log_impl.cc(214)] [14:18:41.502] Bluetooth: bluetooth_adapter_winrt.cc:1074 Getting Default Adapter failed.
8월 08, 2022 14:19:39.432 [4864:9948:0808/141939.431:ERROR:util.cc(127)] Can't create base directory: C:\Program Files\Google\GoogleUpdater
8월 08, 2022 14:45:52.474 [10880:8080:0808/144552.473:ERROR:google_update_settings.cc(236)] Failed opening key Software\Google\Update\ClientStateMedium\{8A69D345-D564-463c-AFF1-A69D9E530F96} to set usagestats; result: 5
8월 08, 2022 14:45:54.668 [10880:9164:0808/144554.667:ERROR:device_event_log_impl.cc(214)] [14:45:54.667] USB: usb_device_handle_win.cc:1048 Failed to read descriptor from node connection: 시스템에 부착된 장치가 작동하지 않습니다. (0x1F)
8월 08, 2022 14:45:54.668 [10880:9164:0808/144554.667:ERROR:device_event_log_impl.cc(214)] [14:45:54.667] Bluetooth: bluetooth_adapter_winrt.cc:1074 Getting Default Adapter failed.
8월 08, 2022 14:48:05.57 [7664:10680:0808/144805.056:ERROR:google_update_settings.cc(236)] Failed opening key Software\Google\Update\ClientStateMedium\{8A69D345-D564-463c-AFF1-A69D9E530F96} to set usagestats; result: 5
8월 08, 2022 14:48:07.195 [7664:11188:0808/144807.194:ERROR:device_event_log_impl.cc(214)] [14:48:07.194] USB: usb_device_handle_win.cc:1048 Failed to read descriptor from node connection: 시스템에 부착된 장치가 작동하지 않습니다. (0x1F)
8월 08, 2022 14:48:07.208 [7664:11188:0808/144807.208:ERROR:device_event_log_impl.cc(214)] [14:48:07.207] Bluetooth: bluetooth_adapter_winrt.cc:1074 Getting Default Adapter failed.
8월 08, 2022 14:49:05.154 [7664:10332:0808/144905.153:ERROR:util.cc(127)] Can't create base directory: C:\Program Files\Google\GoogleUpdater
8월 08, 2022 15:08:49.532 [10916:7000:0808/150849.532:ERROR:google_update_settings.cc(236)] Failed opening key Software\Google\Update\ClientStateMedium\{8A69D345-D564-463c-AFF1-A69D9E530F96} to set usagestats; result: 5
8월 08, 2022 15:08:51.651 [10916:4928:0808/150851.651:ERROR:device_event_log_impl.cc(214)] [15:08:51.651] USB: usb_device_handle_win.cc:1048 Failed to read descriptor from node connection: 시스템에 부착된 장치가 작동하지 않습니다. (0x1F)
8월 08, 2022 15:08:51.654 [10916:4928:0808/150851.654:ERROR:device_event_log_impl.cc(214)] [15:08:51.654] Bluetooth: bluetooth_adapter_winrt.cc:1074 Getting Default Adapter failed.
8월 08, 2022 15:09:52.995 [6824:10804:0808/150952.994:ERROR:google_update_settings.cc(236)] Failed opening key Software\Google\Update\ClientStateMedium\{8A69D345-D564-463c-AFF1-A69D9E530F96} to set usagestats; result: 5
8월 08, 2022 15:09:55.185 [6824:8412:0808/150955.184:ERROR:device_event_log_impl.cc(214)] [15:09:55.184] USB: usb_device_handle_win.cc:1048 Failed to read descriptor from node connection: 시스템에 부착된 장치가 작동하지 않습니다. (0x1F)
8월 08, 2022 15:09:55.196 [6824:8412:0808/150955.196:ERROR:device_event_log_impl.cc(214)] [15:09:55.196] Bluetooth: bluetooth_adapter_winrt.cc:1074 Getting Default Adapter failed.
8월 08, 2022 15:10:39.372 [11020:5572:0808/151039.372:ERROR:google_update_settings.cc(236)] Failed opening key Software\Google\Update\ClientStateMedium\{8A69D345-D564-463c-AFF1-A69D9E530F96} to set usagestats; result: 5
8월 08, 2022 15:10:41.476 [11020:11960:0808/151041.475:ERROR:device_event_log_impl.cc(214)] [15:10:41.475] USB: usb_device_handle_win.cc:1048 Failed to read descriptor from node connection: 시스템에 부착된 장치가 작동하지 않습니다. (0x1F)
8월 08, 2022 15:10:41.486 [11020:11960:0808/151041.486:ERROR:device_event_log_impl.cc(214)] [15:10:41.486] Bluetooth: bluetooth_adapter_winrt.cc:1074 Getting Default Adapter failed.
8월 08, 2022 15:11:33.333 [5708:4200:0808/151133.333:ERROR:google_update_settings.cc(236)] Failed opening key Software\Google\Update\ClientStateMedium\{8A69D345-D564-463c-AFF1-A69D9E530F96} to set usagestats; result: 5
8월 08, 2022 15:11:35.527 [5708:12064:0808/151135.527:ERROR:device_event_log_impl.cc(214)] [15:11:35.526] USB: usb_device_handle_win.cc:1048 Failed to read descriptor from node connection: 시스템에 부착된 장치가 작동하지 않습니다. (0x1F)
8월 08, 2022 15:11:35.537 [5708:12064:0808/151135.536:ERROR:device_event_log_impl.cc(214)] [15:11:35.535] Bluetooth: bluetooth_adapter_winrt.cc:1074 Getting Default Adapter failed.
8월 08, 2022 15:12:33.421 [5708:2556:0808/151233.421:ERROR:util.cc(127)] Can't create base directory: C:\Program Files\Google\GoogleUpdater
8월 08, 2022 15:55:07.942 [6512:8420:0808/155507.941:ERROR:google_update_settings.cc(236)] Failed opening key Software\Google\Update\ClientStateMedium\{8A69D345-D564-463c-AFF1-A69D9E530F96} to set usagestats; result: 5
8월 08, 2022 15:55:10.747 [6512:8400:0808/155510.746:ERROR:device_event_log_impl.cc(214)] [15:55:10.747] USB: usb_device_handle_win.cc:1048 Failed to read descriptor from node connection: 시스템에 부착된 장치가 작동하지 않습니다. (0x1F)
8월 08, 2022 15:55:10.755 [6512:8400:0808/155510.755:ERROR:device_event_log_impl.cc(214)] [15:55:10.755] Bluetooth: bluetooth_adapter_winrt.cc:1074 Getting Default Adapter failed.
8월 08, 2022 15:56:08.47 [6512:11180:0808/155608.046:ERROR:util.cc(127)] Can't create base directory: C:\Program Files\Google\GoogleUpdater
8월 08, 2022 16:13:32.986 [6508:12016:0808/161332.986:ERROR:google_update_settings.cc(236)] Failed opening key Software\Google\Update\ClientStateMedium\{8A69D345-D564-463c-AFF1-A69D9E530F96} to set usagestats; result: 5
8월 08, 2022 16:13:35.94 [6508:1476:0808/161335.094:ERROR:device_event_log_impl.cc(214)] [16:13:35.094] USB: usb_device_handle_win.cc:1048 Failed to read descriptor from node connection: 시스템에 부착된 장치가 작동하지 않습니다. (0x1F)
8월 08, 2022 16:13:35.97 [6508:1476:0808/161335.097:ERROR:device_event_log_impl.cc(214)] [16:13:35.097] Bluetooth: bluetooth_adapter_winrt.cc:1074 Getting Default Adapter failed.
8월 08, 2022 16:14:33.103 [6508:5452:0808/161433.102:ERROR:util.cc(127)] Can't create base directory: C:\Program Files\Google\GoogleUpdater
8월 08, 2022 16:20:04.721 [5592:5036:0808/162004.720:ERROR:google_update_settings.cc(236)] Failed opening key Software\Google\Update\ClientStateMedium\{8A69D345-D564-463c-AFF1-A69D9E530F96} to set usagestats; result: 5
8월 08, 2022 16:20:06.918 [5592:9832:0808/162006.917:ERROR:device_event_log_impl.cc(214)] [16:20:06.917] USB: usb_device_handle_win.cc:1048 Failed to read descriptor from node connection: 시스템에 부착된 장치가 작동하지 않습니다. (0x1F)
8월 08, 2022 16:20:06.924 [5592:9832:0808/162006.923:ERROR:device_event_log_impl.cc(214)] [16:20:06.923] Bluetooth: bluetooth_adapter_winrt.cc:1074 Getting Default Adapter failed.
8월 08, 2022 16:21:04.827 [5592:4372:0808/162104.826:ERROR:util.cc(127)] Can't create base directory: C:\Program Files\Google\GoogleUpdater
8월 08, 2022 16:37:48.302 [5592:9832:0808/163748.301:ERROR:interface_endpoint_client.cc(665)] Message 0 rejected by interface blink.mojom.WidgetHost
8월 08, 2022 17:10:27.232 [12268:6172:0808/171027.232:ERROR:google_update_settings.cc(236)] Failed opening key Software\Google\Update\ClientStateMedium\{8A69D345-D564-463c-AFF1-A69D9E530F96} to set usagestats; result: 5
8월 08, 2022 17:10:29.445 [12268:10332:0808/171029.445:ERROR:device_event_log_impl.cc(214)] [17:10:29.445] USB: usb_device_handle_win.cc:1048 Failed to read descriptor from node connection: 시스템에 부착된 장치가 작동하지 않습니다. (0x1F)
8월 08, 2022 17:10:29.446 [12268:10332:0808/171029.446:ERROR:device_event_log_impl.cc(214)] [17:10:29.446] Bluetooth: bluetooth_adapter_winrt.cc:1074 Getting Default Adapter failed.

8월 09, 2022 09:19:29.713 NEW SESSION
8월 09, 2022 09:19:29.713 [10620:7112:0809/091929.712:ERROR:google_update_settings.cc(236)] Failed opening key Software\Google\Update\ClientStateMedium\{8A69D345-D564-463c-AFF1-A69D9E530F96} to set usagestats; result: 5
8월 09, 2022 09:19:32.340 [10620:6628:0809/091932.340:ERROR:device_event_log_impl.cc(214)] [09:19:32.340] USB: usb_device_handle_win.cc:1048 Failed to read descriptor from node connection: 시스템에 부착된 장치가 작동하지 않습니다. (0x1F)
8월 09, 2022 09:19:32.341 [10620:6628:0809/091932.341:ERROR:device_event_log_impl.cc(214)] [09:19:32.341] Bluetooth: bluetooth_adapter_winrt.cc:1074 Getting Default Adapter failed.
8월 09, 2022 09:20:29.824 [10620:1620:0809/092029.824:ERROR:util.cc(127)] Can't create base directory: C:\Program Files\Google\GoogleUpdater
8월 09, 2022 10:07:12.74 [10620:6628:0809/100712.074:ERROR:device_event_log_impl.cc(214)] [10:07:12.070] USB: usb_service_win.cc:104 SetupDiGetDeviceProperty({{A45C254E-DF1C-4EFD-8020-67D146A850E0}, 6}) failed: 요소가 없습니다. (0x490)
8월 09, 2022 11:46:22.157 [9068:8384:0809/114622.156:ERROR:google_update_settings.cc(236)] Failed opening key Software\Google\Update\ClientStateMedium\{8A69D345-D564-463c-AFF1-A69D9E530F96} to set usagestats; result: 5
8월 09, 2022 11:46:25.213 [9068:3048:0809/114625.213:ERROR:device_event_log_impl.cc(214)] [11:46:25.214] USB: usb_device_handle_win.cc:1048 Failed to read descriptor from node connection: 시스템에 부착된 장치가 작동하지 않습니다. (0x1F)
8월 09, 2022 11:46:25.225 [9068:3048:0809/114625.224:ERROR:device_event_log_impl.cc(214)] [11:46:25.225] Bluetooth: bluetooth_adapter_winrt.cc:1074 Getting Default Adapter failed.
8월 09, 2022 11:46:31.384 [11692:11172:0809/114631.383:ERROR:google_update_settings.cc(236)] Failed opening key Software\Google\Update\ClientStateMedium\{8A69D345-D564-463c-AFF1-A69D9E530F96} to set usagestats; result: 5
8월 09, 2022 11:46:33.599 [11692:10404:0809/114633.599:ERROR:device_event_log_impl.cc(214)] [11:46:33.599] USB: usb_device_handle_win.cc:1048 Failed to read descriptor from node connection: 시스템에 부착된 장치가 작동하지 않습니다. (0x1F)
8월 09, 2022 11:46:33.605 [11692:10404:0809/114633.604:ERROR:device_event_log_impl.cc(214)] [11:46:33.604] Bluetooth: bluetooth_adapter_winrt.cc:1074 Getting Default Adapter failed.
8월 09, 2022 11:47:31.506 [11692:6288:0809/114731.505:ERROR:util.cc(127)] Can't create base directory: C:\Program Files\Google\GoogleUpdater
8월 09, 2022 16:47:31.543 [11692:1488:0809/164731.542:ERROR:util.cc(127)] Can't create base directory: C:\Program Files\Google\GoogleUpdater
8월 09, 2022 17:03:41.874 [9120:1636:0809/170341.874:ERROR:google_update_settings.cc(236)] Failed opening key Software\Google\Update\ClientStateMedium\{8A69D345-D564-463c-AFF1-A69D9E530F96} to set usagestats; result: 5
8월 09, 2022 17:03:43.990 [9120:10320:0809/170343.989:ERROR:device_event_log_impl.cc(214)] [17:03:43.989] Bluetooth: bluetooth_adapter_winrt.cc:1074 Getting Default Adapter failed.
8월 09, 2022 17:03:43.992 [9120:10320:0809/170343.992:ERROR:device_event_log_impl.cc(214)] [17:03:43.992] USB: usb_device_handle_win.cc:1048 Failed to read descriptor from node connection: 시스템에 부착된 장치가 작동하지 않습니다. (0x1F)
8월 09, 2022 17:04:41.972 [9120:5256:0809/170441.972:ERROR:util.cc(127)] Can't create base directory: C:\Program Files\Google\GoogleUpdater

8월 10, 2022 18:45:09.845 NEW SESSION
8월 10, 2022 18:45:09.845 [9324:4064:0810/184509.843:ERROR:google_update_settings.cc(236)] Failed opening key Software\Google\Update\ClientStateMedium\{8A69D345-D564-463c-AFF1-A69D9E530F96} to set usagestats; result: 5
8월 10, 2022 18:45:11.962 [9324:8636:0810/184511.962:ERROR:device_event_log_impl.cc(214)] [18:45:11.961] USB: usb_device_handle_win.cc:1048 Failed to read descriptor from node connection: 시스템에 부착된 장치가 작동하지 않습니다. (0x1F)
8월 10, 2022 18:45:11.963 [9324:8636:0810/184511.962:ERROR:device_event_log_impl.cc(214)] [18:45:11.962] Bluetooth: bluetooth_adapter_winrt.cc:1074 Getting Default Adapter failed.
8월 10, 2022 18:46:09.943 [9324:5808:0810/184609.942:ERROR:util.cc(127)] Can't create base directory: C:\Program Files\Google\GoogleUpdater

8월 11, 2022 11:16:32.708 NEW SESSION
8월 11, 2022 11:16:32.708 [10484:11352:0811/111632.707:ERROR:google_update_settings.cc(236)] Failed opening key Software\Google\Update\ClientStateMedium\{8A69D345-D564-463c-AFF1-A69D9E530F96} to set usagestats; result: 5
8월 11, 2022 12:02:55.920 [3400:4996:0811/120255.920:ERROR:google_update_settings.cc(236)] Failed opening key Software\Google\Update\ClientStateMedium\{8A69D345-D564-463c-AFF1-A69D9E530F96} to set usagestats; result: 5
8월 11, 2022 12:02:58.921 [3400:4960:0811/120258.920:ERROR:device_event_log_impl.cc(214)] [12:02:58.920] USB: usb_device_handle_win.cc:1048 Failed to read descriptor from node connection: 시스템에 부착된 장치가 작동하지 않습니다. (0x1F)
8월 11, 2022 12:02:58.932 [3400:4960:0811/120258.932:ERROR:device_event_log_impl.cc(214)] [12:02:58.932] Bluetooth: bluetooth_adapter_winrt.cc:1074 Getting Default Adapter failed.
8월 11, 2022 12:03:56.24 [3400:10080:0811/120356.023:ERROR:util.cc(127)] Can't create base directory: C:\Program Files\Google\GoogleUpdater
8월 11, 2022 12:09:32.69 [7464:9936:0811/120932.069:ERROR:google_update_settings.cc(236)] Failed opening key Software\Google\Update\ClientStateMedium\{8A69D345-D564-463c-AFF1-A69D9E530F96} to set usagestats; result: 5
8월 11, 2022 12:09:35.843 [7464:8716:0811/120935.843:ERROR:device_event_log_impl.cc(214)] [12:09:35.842] USB: usb_device_handle_win.cc:1048 Failed to read descriptor from node connection: 시스템에 부착된 장치가 작동하지 않습니다. (0x1F)
8월 11, 2022 12:09:35.852 [7464:8716:0811/120935.851:ERROR:device_event_log_impl.cc(214)] [12:09:35.850] Bluetooth: bluetooth_adapter_winrt.cc:1074 Getting Default Adapter failed.
8월 11, 2022 12:10:32.182 [7464:6756:0811/121032.181:ERROR:util.cc(127)] Can't create base directory: C:\Program Files\Google\GoogleUpdater
8월 11, 2022 14:27:34.701 [9340:12764:0811/142734.701:ERROR:google_update_settings.cc(236)] Failed opening key Software\Google\Update\ClientStateMedium\{8A69D345-D564-463c-AFF1-A69D9E530F96} to set usagestats; result: 5
8월 11, 2022 14:27:36.857 [9340:9500:0811/142736.857:ERROR:device_event_log_impl.cc(214)] [14:27:36.856] USB: usb_device_handle_win.cc:1048 Failed to read descriptor from node connection: 시스템에 부착된 장치가 작동하지 않습니다. (0x1F)
8월 11, 2022 14:27:36.861 [9340:9500:0811/142736.861:ERROR:device_event_log_impl.cc(214)] [14:27:36.860] Bluetooth: bluetooth_adapter_winrt.cc:1074 Getting Default Adapter failed.
8월 11, 2022 14:28:34.831 [9340:7472:0811/142834.830:ERROR:util.cc(127)] Can't create base directory: C:\Program Files\Google\GoogleUpdater

8월 16, 2022 09:16:51.290 NEW SESSION
8월 16, 2022 09:16:51.290 [3216:12076:0816/091651.288:ERROR:google_update_settings.cc(236)] Failed opening key Software\Google\Update\ClientStateMedium\{8A69D345-D564-463c-AFF1-A69D9E530F96} to set usagestats; result: 5
8월 16, 2022 09:16:54.163 [3216:2600:0816/091654.162:ERROR:device_event_log_impl.cc(214)] [09:16:54.163] USB: usb_device_handle_win.cc:1048 Failed to read descriptor from node connection: 시스템에 부착된 장치가 작동하지 않습니다. (0x1F)
8월 16, 2022 09:16:54.172 [3216:2600:0816/091654.172:ERROR:device_event_log_impl.cc(214)] [09:16:54.172] Bluetooth: bluetooth_adapter_winrt.cc:1074 Getting Default Adapter failed.
8월 16, 2022 09:17:51.488 [3216:6788:0816/091751.488:ERROR:util.cc(127)] Can't create base directory: C:\Program Files\Google\GoogleUpdater
8월 16, 2022 12:43:36.451 [704:4056:0816/124336.450:ERROR:google_update_settings.cc(236)] Failed opening key Software\Google\Update\ClientStateMedium\{8A69D345-D564-463c-AFF1-A69D9E530F96} to set usagestats; result: 5
8월 16, 2022 12:43:38.613 [704:9480:0816/124338.613:ERROR:device_event_log_impl.cc(214)] [12:43:38.612] USB: usb_device_handle_win.cc:1048 Failed to read descriptor from node connection: 시스템에 부착된 장치가 작동하지 않습니다. (0x1F)
8월 16, 2022 12:43:38.627 [704:9480:0816/124338.626:ERROR:device_event_log_impl.cc(214)] [12:43:38.625] Bluetooth: bluetooth_adapter_winrt.cc:1074 Getting Default Adapter failed.
8월 16, 2022 12:44:36.568 [704:7020:0816/124436.567:ERROR:util.cc(127)] Can't create base directory: C:\Program Files\Google\GoogleUpdater
8월 16, 2022 16:50:52.829 [704:9480:0816/165052.829:ERROR:interface_endpoint_client.cc(665)] Message 1 rejected by interface blink.mojom.WidgetHost
8월 16, 2022 17:13:49.454 [6628:8152:0816/171349.454:ERROR:google_update_settings.cc(236)] Failed opening key Software\Google\Update\ClientStateMedium\{8A69D345-D564-463c-AFF1-A69D9E530F96} to set usagestats; result: 5
8월 16, 2022 17:13:51.582 [6628:4920:0816/171351.581:ERROR:device_event_log_impl.cc(214)] [17:13:51.582] USB: usb_device_handle_win.cc:1048 Failed to read descriptor from node connection: 시스템에 부착된 장치가 작동하지 않습니다. (0x1F)
8월 16, 2022 17:13:51.587 [6628:4920:0816/171351.587:ERROR:device_event_log_impl.cc(214)] [17:13:51.588] Bluetooth: bluetooth_adapter_winrt.cc:1074 Getting Default Adapter failed.
8월 16, 2022 17:14:49.584 [6628:12564:0816/171449.583:ERROR:util.cc(127)] Can't create base directory: C:\Program Files\Google\GoogleUpdater

8월 16, 2022 22:50:42.663 NEW SESSION
8월 16, 2022 22:50:42.663 [7968:2868:0816/225042.661:ERROR:device_event_log_impl.cc(214)] [22:50:42.661] USB: usb_device_handle_win.cc:1048 Failed to read descriptor from node connection: 시스템에 부착된 장치가 작동하지 않습니다. (0x1F)
8월 16, 2022 22:50:42.664 [7968:2868:0816/225042.664:ERROR:device_event_log_impl.cc(214)] [22:50:42.664] USB: usb_device_handle_win.cc:1048 Failed to read descriptor from node connection: 시스템에 부착된 장치가 작동하지 않습니다. (0x1F)
8월 16, 2022 22:51:39.875 [7968:1052:0816/225139.874:ERROR:util.cc(127)] Can't create base directory: C:\Program Files\Google\GoogleUpdater
8월 16, 2022 22:59:14.930 [13460:14568:0816/225914.929:ERROR:device_event_log_impl.cc(214)] [22:59:14.929] USB: usb_device_handle_win.cc:1048 Failed to read descriptor from node connection: 시스템에 부착된 장치가 작동하지 않습니다. (0x1F)
8월 16, 2022 22:59:14.933 [13460:14568:0816/225914.932:ERROR:device_event_log_impl.cc(214)] [22:59:14.931] USB: usb_device_handle_win.cc:1048 Failed to read descriptor from node connection: 시스템에 부착된 장치가 작동하지 않습니다. (0x1F)
8월 16, 2022 22:59:26.772 [5876:4996:0816/225926.771:ERROR:device_event_log_impl.cc(214)] [22:59:26.771] USB: usb_device_handle_win.cc:1048 Failed to read descriptor from node connection: 시스템에 부착된 장치가 작동하지 않습니다. (0x1F)
8월 16, 2022 22:59:26.775 [5876:4996:0816/225926.774:ERROR:device_event_log_impl.cc(214)] [22:59:26.774] USB: usb_device_handle_win.cc:1048 Failed to read descriptor from node connection: 시스템에 부착된 장치가 작동하지 않습니다. (0x1F)
8월 16, 2022 23:00:19.142 [5876:7656:0816/230019.141:ERROR:util.cc(127)] Can't create base directory: C:\Program Files\Google\GoogleUpdater
